# JRE version: Java(TM) SE Runtime Environment (8.0_05-b13) (build 1.8.0_05-b13)
# Java VM: Java HotSpot(TM) 64-Bit Server VM (25.5-b02 mixed mode windows-amd64 compressed oops)
Heap:
 PSYoungGen      total 12288K, used 3464K [0x000000061c400000, 0x000000061d680000, 0x00000007c0000000)
  eden space 9728K, 21% used [0x000000061c400000,0x000000061c6136a8,0x000000061cd80000)
  from space 2560K, 52% used [0x000000061cd80000,0x000000061cececa8,0x000000061d000000)
  to   space 2560K, 0% used [0x000000061d400000,0x000000061d400000,0x000000061d680000)
 ParOldGen       total 129536K, used 5693K [0x00000002d4c00000, 0x00000002dca80000, 0x000000061c400000)
  object space 129536K, 4% used [0x00000002d4c00000,0x00000002d518f428,0x00000002dca80000)
 Metaspace       used 15455K, capacity 15834K, committed 16128K, reserved 1062912K
  class space    used 2123K, capacity 2215K, committed 2304K, reserved 1048576K
GC Heap History (10 events):
Event: 3.541 GC heap before
{Heap before GC invocations=12 (full 0):
 PSYoungGen      total 7680K, used 6816K [0x000000061c400000, 0x000000061d180000, 0x00000007c0000000)
  eden space 6656K, 100% used [0x000000061c400000,0x000000061ca80000,0x000000061ca80000)
  from space 1024K, 15% used [0x000000061ca80000,0x000000061caa8000,0x000000061cb80000)
  to   space 1536K, 0% used [0x000000061d000000,0x000000061d000000,0x000000061d180000)
 ParOldGen       total 129536K, used 1518K [0x00000002d4c00000, 0x00000002dca80000, 0x000000061c400000)
  object space 129536K, 1% used [0x00000002d4c00000,0x00000002d4d7bbf8,0x00000002dca80000)
 Metaspace       used 5559K, capacity 6096K, committed 6272K, reserved 1056768K
  class space    used 719K, capacity 800K, committed 896K, reserved 1048576K
Event: 3.543 GC heap after
Heap after GC invocations=12 (full 0):
 PSYoungGen      total 12288K, used 847K [0x000000061c400000, 0x000000061d180000, 0x00000007c0000000)
  eden space 10752K, 0% used [0x000000061c400000,0x000000061c400000,0x000000061ce80000)
  from space 1536K, 55% used [0x000000061d000000,0x000000061d0d3de0,0x000000061d180000)
  to   space 1536K, 0% used [0x000000061ce80000,0x000000061ce80000,0x000000061d000000)
 ParOldGen       total 129536K, used 1574K [0x00000002d4c00000, 0x00000002dca80000, 0x000000061c400000)
  object space 129536K, 1% used [0x00000002d4c00000,0x00000002d4d89bf8,0x00000002dca80000)
 Metaspace       used 5559K, capacity 6096K, committed 6272K, reserved 1056768K
  class space    used 719K, capacity 800K, committed 896K, reserved 1048576K
}
Event: 12.279 GC heap before
{Heap before GC invocations=13 (full 0):
 PSYoungGen      total 12288K, used 11599K [0x000000061c400000, 0x000000061d180000, 0x00000007c0000000)
  eden space 10752K, 100% used [0x000000061c400000,0x000000061ce80000,0x000000061ce80000)
  from space 1536K, 55% used [0x000000061d000000,0x000000061d0d3de0,0x000000061d180000)
  to   space 1536K, 0% used [0x000000061ce80000,0x000000061ce80000,0x000000061d000000)
 ParOldGen       total 129536K, used 1574K [0x00000002d4c00000, 0x00000002dca80000, 0x000000061c400000)
  object space 129536K, 1% used [0x00000002d4c00000,0x00000002d4d89bf8,0x00000002dca80000)
 Metaspace       used 8580K, capacity 8792K, committed 8960K, reserved 1056768K
  class space    used 1134K, capacity 1196K, committed 1280K, reserved 1048576K
Event: 12.304 GC heap after
Heap after GC invocations=13 (full 0):
 PSYoungGen      total 11776K, used 1536K [0x000000061c400000, 0x000000061d200000, 0x00000007c0000000)
  eden space 10240K, 0% used [0x000000061c400000,0x000000061c400000,0x000000061ce00000)
  from space 1536K, 100% used [0x000000061ce80000,0x000000061d000000,0x000000061d000000)
  to   space 2048K, 0% used [0x000000061d000000,0x000000061d000000,0x000000061d200000)
 ParOldGen       total 129536K, used 2052K [0x00000002d4c00000, 0x00000002dca80000, 0x000000061c400000)
  object space 129536K, 1% used [0x00000002d4c00000,0x00000002d4e011d8,0x00000002dca80000)
 Metaspace       used 8580K, capacity 8792K, committed 8960K, reserved 1056768K
  class space    used 1134K, capacity 1196K, committed 1280K, reserved 1048576K
}
Event: 16.406 GC heap before
{Heap before GC invocations=14 (full 0):
 PSYoungGen      total 11776K, used 11776K [0x000000061c400000, 0x000000061d200000, 0x00000007c0000000)
  eden space 10240K, 100% used [0x000000061c400000,0x000000061ce00000,0x000000061ce00000)
  from space 1536K, 100% used [0x000000061ce80000,0x000000061d000000,0x000000061d000000)
  to   space 2048K, 0% used [0x000000061d000000,0x000000061d000000,0x000000061d200000)
 ParOldGen       total 129536K, used 2052K [0x00000002d4c00000, 0x00000002dca80000, 0x000000061c400000)
  object space 129536K, 1% used [0x00000002d4c00000,0x00000002d4e011d8,0x00000002dca80000)
 Metaspace       used 9933K, capacity 10202K, committed 10496K, reserved 1058816K
  class space    used 1372K, capacity 1447K, committed 1536K, reserved 1048576K
Event: 16.411 GC heap after
Heap after GC invocations=14 (full 0):
 PSYoungGen      total 12288K, used 1510K [0x000000061c400000, 0x000000061d200000, 0x00000007c0000000)
  eden space 10240K, 0% used [0x000000061c400000,0x000000061c400000,0x000000061ce00000)
  from space 2048K, 73% used [0x000000061d000000,0x000000061d179878,0x000000061d200000)
  to   space 2048K, 0% used [0x000000061ce00000,0x000000061ce00000,0x000000061d000000)
 ParOldGen       total 129536K, used 2853K [0x00000002d4c00000, 0x00000002dca80000, 0x000000061c400000)
  object space 129536K, 2% used [0x00000002d4c00000,0x00000002d4ec95a0,0x00000002dca80000)
 Metaspace       used 9933K, capacity 10202K, committed 10496K, reserved 1058816K
  class space    used 1372K, capacity 1447K, committed 1536K, reserved 1048576K
}
Event: 20.621 GC heap before
{Heap before GC invocations=15 (full 0):
 PSYoungGen      total 12288K, used 11750K [0x000000061c400000, 0x000000061d200000, 0x00000007c0000000)
  eden space 10240K, 100% used [0x000000061c400000,0x000000061ce00000,0x000000061ce00000)
  from space 2048K, 73% used [0x000000061d000000,0x000000061d179878,0x000000061d200000)
  to   space 2048K, 0% used [0x000000061ce00000,0x000000061ce00000,0x000000061d000000)
 ParOldGen       total 129536K, used 2853K [0x00000002d4c00000, 0x00000002dca80000, 0x000000061c400000)
  object space 129536K, 2% used [0x00000002d4c00000,0x00000002d4ec95a0,0x00000002dca80000)
 Metaspace       used 11037K, capacity 11354K, committed 11648K, reserved 1058816K
  class space    used 1551K, capacity 1639K, committed 1664K, reserved 1048576K
Event: 20.625 GC heap after
Heap after GC invocations=15 (full 0):
 PSYoungGen      total 12288K, used 1308K [0x000000061c400000, 0x000000061d200000, 0x00000007c0000000)
  eden space 10240K, 0% used [0x000000061c400000,0x000000061c400000,0x000000061ce00000)
  from space 2048K, 63% used [0x000000061ce00000,0x000000061cf472d8,0x000000061d000000)
  to   space 2048K, 0% used [0x000000061d000000,0x000000061d000000,0x000000061d200000)
 ParOldGen       total 129536K, used 3318K [0x00000002d4c00000, 0x00000002dca80000, 0x000000061c400000)
  object space 129536K, 2% used [0x00000002d4c00000,0x00000002d4f3da20,0x00000002dca80000)
 Metaspace       used 11037K, capacity 11354K, committed 11648K, reserved 1058816K
  class space    used 1551K, capacity 1639K, committed 1664K, reserved 1048576K
}
Event: 25.325 GC heap before
{Heap before GC invocations=16 (full 0):
 PSYoungGen      total 12288K, used 11548K [0x000000061c400000, 0x000000061d200000, 0x00000007c0000000)
  eden space 10240K, 100% used [0x000000061c400000,0x000000061ce00000,0x000000061ce00000)
  from space 2048K, 63% used [0x000000061ce00000,0x000000061cf472d8,0x000000061d000000)
  to   space 2048K, 0% used [0x000000061d000000,0x000000061d000000,0x000000061d200000)
 ParOldGen       total 129536K, used 3318K [0x00000002d4c00000, 0x00000002dca80000, 0x000000061c400000)
  object space 129536K, 2% used [0x00000002d4c00000,0x00000002d4f3da20,0x00000002dca80000)
 Metaspace       used 14278K, capacity 14554K, committed 14848K, reserved 1062912K
  class space    used 1927K, capacity 2023K, committed 2048K, reserved 1048576K
Event: 25.378 GC heap after
Heap after GC invocations=16 (full 0):
 PSYoungGen      total 11776K, used 2026K [0x000000061c400000, 0x000000061d300000, 0x00000007c0000000)
  eden space 9728K, 0% used [0x000000061c400000,0x000000061c400000,0x000000061cd80000)
  from space 2048K, 98% used [0x000000061d000000,0x000000061d1faa28,0x000000061d200000)
  to   space 2560K, 0% used [0x000000061cd80000,0x000000061cd80000,0x000000061d000000)
 ParOldGen       total 129536K, used 4178K [0x00000002d4c00000, 0x00000002dca80000, 0x000000061c400000)
  object space 129536K, 3% used [0x00000002d4c00000,0x00000002d5014bf8,0x00000002dca80000)
 Metaspace       used 14278K, capacity 14554K, committed 14848K, reserved 1062912K
  class space    used 1927K, capacity 2023K, committed 2048K, reserved 1048576K
}

